!exclude
/fs1/.recycle
/fs1/DUMPs/360/JER-360/360HD_2TB
/fs1/DUMPs/NS/NS_512GB
/fs1/DUMPs/NS/NSP
/fs1/DUMPs/NS/XCI
/fs1/DUMPs/PSX/ISO
/fs1/DUMPs/PS3/JER-PS3
/fs2/.recycle
/fs2/DUMPs/3DS/JER-3DSXL/3DSXL_128GB
/fs2/DUMPs/3DS/NAT-3DS/3DS_TALIA
/fs2/DUMPs/3DS/NAT-3DS/NDS_TALIA
/fs2/DUMPs/PSP/PSP_64GB
/fs2/DUMPs/PSP/PSPGO_MSM
/fs2/DUMPs/PSP/PSPGO_SS
/fs2/DUMPs/SS/ISO
/fs2/DUMPs/VITA/PSTV_500GB
/fs2/DUMPs/VITA/JER-PSTV
/fs2/DUMPs/Wii/JER-VWII
/fs2/DUMPs/Wii/WIISD_LYD
/fs2/Pictures/Jeremy/eBay/images-ebay/.git
/fs2/Movies
/fs2/Sync
